<?xml version="1.0" encoding="UTF-8"?>
<!-- Generated by org.testng.reporters.JUnitXMLReporter -->
<testsuite hostname="MDP3612" ignored="0" name="Test" tests="7" failures="0" timestamp="18 jun 2019 15:12:56 GMT" time="36.013" errors="0">
  <testcase name="registroCorrecto" time="1.277" classname="job.kambista.training.test.KambistaTest"/>
  <testcase name="emailInvalido" time="1.225" classname="job.kambista.training.test.KambistaTest"/>
  <testcase name="claveInvalida" time="1.209" classname="job.kambista.training.test.KambistaTest"/>
  <testcase name="emailAndClaveInvalida" time="1.226" classname="job.kambista.training.test.KambistaTest"/>
  <testcase name="faltaEmail" time="1.174" classname="job.kambista.training.test.KambistaTest"/>
  <testcase name="faltaClave" time="1.202" classname="job.kambista.training.test.KambistaTest"/>
  <testcase name="faltaEmailAndClave" time="1.174" classname="job.kambista.training.test.KambistaTest"/>
</testsuite> <!-- Test -->
